2011-08-19 15:59:50 Notice: Notice (8): Undefined variable: encontro in [/var/www/sgce-new/app/views/themed/adminus/frequencias/admin_index.ctp, line 7]
2011-08-19 15:59:50 Notice: Notice (8): Undefined variable: encontro in [/var/www/sgce-new/app/views/themed/adminus/frequencias/admin_index.ctp, line 7]
2011-08-19 16:03:15 Notice: Notice (8): Undefined variable: mantimentoId in [/var/www/sgce-new/app/controllers/estoques_controller.php, line 6]
2011-08-19 16:03:15 Notice: Notice (8): Undefined variable: mantimentoId in [/var/www/sgce-new/app/controllers/estoques_controller.php, line 8]
2011-08-19 16:04:08 Notice: Notice (8): Undefined variable: mantimentoId in [/var/www/sgce-new/app/controllers/estoques_controller.php, line 6]
2011-08-19 16:04:08 Notice: Notice (8): Undefined variable: mantimentoId in [/var/www/sgce-new/app/controllers/estoques_controller.php, line 8]
2011-08-19 16:04:50 Notice: Notice (8): Undefined variable: mantimentoId in [/var/www/sgce-new/app/controllers/estoques_controller.php, line 49]
2011-08-19 16:05:50 Notice: Notice (8): Undefined variable: mantimentoId in [/var/www/sgce-new/app/controllers/estoques_controller.php, line 35]
2011-08-19 16:05:51 Notice: Notice (8): Undefined variable: mantimentoId in [/var/www/sgce-new/app/controllers/estoques_controller.php, line 44]
2011-08-19 16:07:16 Notice: Notice (8): Undefined variable: mantimentoId in [/var/www/sgce-new/app/controllers/estoques_controller.php, line 6]
2011-08-19 16:07:16 Notice: Notice (8): Undefined variable: mantimentoId in [/var/www/sgce-new/app/controllers/estoques_controller.php, line 8]
2011-08-19 16:08:21 Notice: Notice (8): Undefined variable: mantimentoId in [/var/www/sgce-new/app/controllers/estoques_controller.php, line 6]
2011-08-19 16:08:21 Notice: Notice (8): Undefined variable: mantimentoId in [/var/www/sgce-new/app/controllers/estoques_controller.php, line 8]
2011-08-19 16:08:25 Notice: Notice (8): Undefined variable: mantimentoId in [/var/www/sgce-new/app/controllers/estoques_controller.php, line 49]
2011-08-19 16:08:41 Notice: Notice (8): Undefined variable: mantimentoId in [/var/www/sgce-new/app/controllers/estoques_controller.php, line 35]
2011-08-19 16:08:41 Notice: Notice (8): Undefined variable: mantimentoId in [/var/www/sgce-new/app/controllers/estoques_controller.php, line 44]
2011-08-19 16:10:52 Notice: Notice (8): Undefined variable: mantimentoId in [/var/www/sgce-new/app/controllers/estoques_controller.php, line 6]
2011-08-19 16:10:52 Notice: Notice (8): Undefined variable: mantimentoId in [/var/www/sgce-new/app/controllers/estoques_controller.php, line 8]
2011-08-19 16:10:54 Notice: Notice (8): Undefined variable: mantimentoId in [/var/www/sgce-new/app/controllers/estoques_controller.php, line 49]
2011-08-20 01:45:37 Notice: Notice (8): Undefined variable: mantimentoId in [/var/www/sgce-new/app/controllers/estoques_controller.php, line 17]
2011-08-20 01:45:37 Notice: Notice (8): Undefined variable: mantimentoId in [/var/www/sgce-new/app/controllers/estoques_controller.php, line 19]
2011-08-23 02:03:29 Notice: Notice (8): Undefined variable: mantimentoId in [/Applications/MAMP/htdocs/sgce/app/controllers/estoques_controller.php, line 17]
2011-08-23 02:03:29 Notice: Notice (8): Undefined variable: mantimentoId in [/Applications/MAMP/htdocs/sgce/app/controllers/estoques_controller.php, line 19]
2011-08-23 02:03:29 Notice: Notice (8): Undefined variable: mantimentoId in [/Applications/MAMP/htdocs/sgce/app/controllers/estoques_controller.php, line 17]
2011-08-23 02:03:29 Notice: Notice (8): Undefined variable: mantimentoId in [/Applications/MAMP/htdocs/sgce/app/controllers/estoques_controller.php, line 19]
2011-08-23 02:06:39 Notice: Notice (8): Undefined variable: mantimento in [/Applications/MAMP/htdocs/sgce/app/views/themed/adminus/estoques/admin_cadastrar.ctp, line 7]
2011-08-23 02:06:39 Notice: Notice (8): Undefined variable: mantimento in [/Applications/MAMP/htdocs/sgce/app/views/themed/adminus/estoques/admin_cadastrar.ctp, line 8]
2011-08-23 02:06:39 Notice: Notice (8): Undefined variable: mantimento in [/Applications/MAMP/htdocs/sgce/app/views/themed/adminus/estoques/admin_cadastrar.ctp, line 15]
2011-08-23 02:07:38 Notice: Notice (8): Undefined variable: mantimento in [/Applications/MAMP/htdocs/sgce/app/views/themed/adminus/estoques/admin_cadastrar.ctp, line 15]
2011-08-23 02:08:03 Notice: Notice (8): Undefined variable: mantimento in [/Applications/MAMP/htdocs/sgce/app/views/themed/adminus/estoques/admin_cadastrar.ctp, line 15]
2011-08-23 02:11:18 Notice: Notice (8): Undefined index: descricao in [/Applications/MAMP/htdocs/sgce/app/controllers/estoques_controller.php, line 51]
2011-08-23 02:13:51 Notice: Notice (8): Undefined variable: mantimento in [/Applications/MAMP/htdocs/sgce/app/views/themed/adminus/estoques/admin_index.ctp, line 5]
2011-08-23 02:13:51 Notice: Notice (8): Undefined variable: mantimento in [/Applications/MAMP/htdocs/sgce/app/views/themed/adminus/estoques/admin_index.ctp, line 7]
2011-08-23 02:13:51 Notice: Notice (8): Undefined variable: mantimento in [/Applications/MAMP/htdocs/sgce/app/views/themed/adminus/estoques/admin_index.ctp, line 12]
2011-08-23 02:14:10 Notice: Notice (8): Undefined variable: mantimento in [/Applications/MAMP/htdocs/sgce/app/views/themed/adminus/estoques/admin_index.ctp, line 5]
2011-08-23 02:14:10 Notice: Notice (8): Undefined variable: mantimento in [/Applications/MAMP/htdocs/sgce/app/views/themed/adminus/estoques/admin_index.ctp, line 7]
2011-08-23 02:14:10 Notice: Notice (8): Undefined variable: mantimento in [/Applications/MAMP/htdocs/sgce/app/views/themed/adminus/estoques/admin_index.ctp, line 12]
2011-08-23 02:14:35 Notice: Notice (8): Undefined variable: mantimento in [/Applications/MAMP/htdocs/sgce/app/views/themed/adminus/estoques/admin_index.ctp, line 5]
2011-08-23 02:15:57 Notice: Notice (8): Undefined index: Mantimento in [/Applications/MAMP/htdocs/sgce/app/controllers/estoques_controller.php, line 99]
2011-08-23 02:22:49 Notice: Notice (8): Undefined variable: encontro in [/Applications/MAMP/htdocs/sgce/app/views/themed/adminus/frequencias/admin_index.ctp, line 7]
2011-08-23 02:25:11 Notice: Notice (8): Undefined offset: 0 in [/Applications/MAMP/htdocs/sgce/app/views/themed/adminus/familias/admin_index.ctp, line 30]
2011-08-23 02:25:37 Notice: Notice (8): Undefined variable: encontro in [/Applications/MAMP/htdocs/sgce/app/views/themed/adminus/frequencias/admin_index.ctp, line 7]
2011-08-23 02:25:39 Notice: Notice (8): Undefined variable: encontro in [/Applications/MAMP/htdocs/sgce/app/views/themed/adminus/frequencias/admin_index.ctp, line 7]
2011-08-23 02:25:40 Notice: Notice (8): Undefined variable: encontro in [/Applications/MAMP/htdocs/sgce/app/views/themed/adminus/frequencias/admin_index.ctp, line 7]
2011-08-23 02:25:46 Notice: Notice (8): Undefined offset: 0 in [/Applications/MAMP/htdocs/sgce/app/views/themed/adminus/familias/admin_index.ctp, line 30]
2011-08-23 02:40:35 Notice: Notice (8): Undefined offset: 0 in [/Applications/MAMP/htdocs/sgce/app/views/themed/adminus/familias/admin_index.ctp, line 30]
