2011-08-19 16:03:15 Warning: Warning (2): Missing argument 1 for EstoquesController::admin_index() in [/var/www/sgce-new/app/controllers/estoques_controller.php, line 4]
2011-08-19 16:04:08 Warning: Warning (2): Missing argument 1 for EstoquesController::admin_index() in [/var/www/sgce-new/app/controllers/estoques_controller.php, line 4]
2011-08-19 16:04:50 Warning: Warning (2): Missing argument 1 for EstoquesController::admin_cadastrar() in [/var/www/sgce-new/app/controllers/estoques_controller.php, line 33]
2011-08-19 16:05:50 Warning: Warning (2): Missing argument 1 for EstoquesController::admin_cadastrar() in [/var/www/sgce-new/app/controllers/estoques_controller.php, line 33]
2011-08-19 16:05:50 Warning: Warning (512): <span style="color:Red;text-align:left"><b>Erro:</b> 1048: Column 'mantimento_id' cannot be null</span> in [/var/www/sgce-new/cake/libs/model/datasources/dbo_source.php, line 684]
2011-08-19 16:05:51 Warning: Warning (2): Cannot modify header information - headers already sent by (output started at /var/www/sgce-new/cake/libs/debugger.php:673) in [/var/www/sgce-new/cake/libs/controller/controller.php, line 742]
2011-08-19 16:07:16 Warning: Warning (2): Missing argument 1 for EstoquesController::admin_index() in [/var/www/sgce-new/app/controllers/estoques_controller.php, line 4]
2011-08-19 16:08:21 Warning: Warning (2): Missing argument 1 for EstoquesController::admin_index() in [/var/www/sgce-new/app/controllers/estoques_controller.php, line 4]
2011-08-19 16:08:25 Warning: Warning (2): Missing argument 1 for EstoquesController::admin_cadastrar() in [/var/www/sgce-new/app/controllers/estoques_controller.php, line 33]
2011-08-19 16:08:41 Warning: Warning (2): Missing argument 1 for EstoquesController::admin_cadastrar() in [/var/www/sgce-new/app/controllers/estoques_controller.php, line 33]
2011-08-19 16:08:41 Warning: Warning (512): <span style="color:Red;text-align:left"><b>Erro:</b> 1048: Column 'mantimento_id' cannot be null</span> in [/var/www/sgce-new/cake/libs/model/datasources/dbo_source.php, line 684]
2011-08-19 16:08:41 Warning: Warning (2): Cannot modify header information - headers already sent by (output started at /var/www/sgce-new/cake/libs/debugger.php:673) in [/var/www/sgce-new/cake/libs/controller/controller.php, line 742]
2011-08-19 16:10:52 Warning: Warning (2): Missing argument 1 for EstoquesController::admin_index() in [/var/www/sgce-new/app/controllers/estoques_controller.php, line 4]
2011-08-19 16:10:54 Warning: Warning (2): Missing argument 1 for EstoquesController::admin_cadastrar() in [/var/www/sgce-new/app/controllers/estoques_controller.php, line 33]
2011-08-20 01:45:37 Warning: Warning (2): Missing argument 1 for EstoquesController::admin_index() in [/var/www/sgce-new/app/controllers/estoques_controller.php, line 15]
2011-08-21 22:39:54 Warning: Warning (2): Missing argument 1 for EstoquesController::admin_index() in [/var/www/sgce-new/app/controllers/estoques_controller.php, line 15]
2011-08-21 22:40:13 Warning: Warning (2): Missing argument 1 for EstoquesController::admin_cadastrar() in [/var/www/sgce-new/app/controllers/estoques_controller.php, line 44]
2011-08-21 22:40:44 Warning: Warning (2): Missing argument 1 for EstoquesController::admin_cadastrar() in [/var/www/sgce-new/app/controllers/estoques_controller.php, line 44]
2011-08-21 22:40:44 Warning: Warning (512): <span style="color:Red;text-align:left"><b>Erro:</b> 1048: Column 'mantimento_id' cannot be null</span> in [/var/www/sgce-new/cake/libs/model/datasources/dbo_source.php, line 684]
2011-08-21 22:40:44 Warning: Warning (2): Cannot modify header information - headers already sent by (output started at /var/www/sgce-new/cake/libs/debugger.php:673) in [/var/www/sgce-new/cake/libs/controller/controller.php, line 742]
2011-08-22 01:50:21 Warning: Warning (2): Missing argument 1 for EstoquesController::admin_index() in [/var/www/sgce-new/app/controllers/estoques_controller.php, line 15]
2011-08-22 02:51:40 Warning: Warning (2): unlink(/var/www/sgce-new/app/tmp/cache/models/cake_model_default_cestas_estoques) [http://php.net/function.unlink]: No such file or directory in [/var/www/sgce-new/cake/libs/file.php, line 294]
2011-08-22 02:51:53 Warning: Warning (2): Missing argument 1 for EstoquesController::admin_index() in [/var/www/sgce-new/app/controllers/estoques_controller.php, line 15]
2011-08-22 02:51:56 Warning: Warning (2): Missing argument 1 for EstoquesController::admin_cadastrar() in [/var/www/sgce-new/app/controllers/estoques_controller.php, line 44]
2011-08-22 03:02:41 Warning: Warning (2): Missing argument 1 for EstoquesController::admin_cadastrar() in [/var/www/sgce-new/app/controllers/estoques_controller.php, line 44]
